<?xml version="1.0" encoding="UTF-8"?>
<testng-results ignored="0" total="10" passed="10" failed="0" skipped="0">
  <reporter-output>
  </reporter-output>
  <suite started-at="2026-07-16T22:29:52 IST" name="Suite" finished-at="2026-07-16T22:30:19 IST" duration-ms="27140">
    <groups>
      <group name="Regression">
        <method signature="LogOutTest.verifyUserIsAbleToLogOutSuccessfullyFromDashboard()[pri:0, instance:testscript.LogOutTest@66ea810]" name="verifyUserIsAbleToLogOutSuccessfullyFromDashboard" class="testscript.LogOutTest"/>
        <method signature="LoginTest.verifyTheUserisAbleToLoginWithValidCredentials()[pri:0, instance:testscript.LoginTest@15d49048]" name="verifyTheUserisAbleToLoginWithValidCredentials" class="testscript.LoginTest"/>
        <method signature="ManageCategoryTest.verifyUserCanAddCategories()[pri:0, instance:testscript.ManageCategoryTest@13526e59]" name="verifyUserCanAddCategories" class="testscript.ManageCategoryTest"/>
        <method signature="ManageNewsTest.verifyTheUserCanAddNews()[pri:0, instance:testscript.ManageNewsTest@17503f6b]" name="verifyTheUserCanAddNews" class="testscript.ManageNewsTest"/>
      </group> <!-- Regression -->
    </groups>
    <test started-at="2026-07-16T22:29:52 IST" name="Test" finished-at="2026-07-16T22:30:19 IST" duration-ms="27140">
      <class name="testscript.ManageNewsTest">
        <test-method is-config="true" signature="initialiseBrowser(java.lang.String)[pri:0, instance:testscript.ManageNewsTest@17503f6b]" started-at="2026-07-16T22:30:17 IST" name="initialiseBrowser" finished-at="2026-07-16T22:30:19 IST" duration-ms="1852" status="PASS">
          <params>
            <param index="0">
              <value>
                <![CDATA[chrome]]>
              </value>
            </param>
          </params>
          <reporter-output>
          </reporter-output>
        </test-method> <!-- initialiseBrowser -->
        <test-method signature="verifyTheUserCanAddNews()[pri:0, instance:testscript.ManageNewsTest@17503f6b]" started-at="2026-07-16T22:30:19 IST" name="verifyTheUserCanAddNews" description="Verify that a user can add a news item successfully" finished-at="2026-07-16T22:30:19 IST" duration-ms="845" status="PASS">
          <reporter-output>
          </reporter-output>
        </test-method> <!-- verifyTheUserCanAddNews -->
        <test-method is-config="true" signature="browserQuit(org.testng.ITestResult)[pri:0, instance:testscript.ManageNewsTest@17503f6b]" started-at="2026-07-16T22:30:19 IST" name="browserQuit" finished-at="2026-07-16T22:30:19 IST" duration-ms="77" status="PASS">
          <params>
            <param index="0">
              <value>
                <![CDATA[[TestResult name=verifyTheUserCanAddNews status=SUCCESS method=ManageNewsTest.verifyTheUserCanAddNews()[pri:0, instance:testscript.ManageNewsTest@17503f6b] output={null}]]]>
              </value>
            </param>
          </params>
          <reporter-output>
          </reporter-output>
        </test-method> <!-- browserQuit -->
      </class> <!-- testscript.ManageNewsTest -->
      <class name="testscript.LogOutTest">
        <test-method is-config="true" signature="initialiseBrowser(java.lang.String)[pri:0, instance:testscript.LogOutTest@66ea810]" started-at="2026-07-16T22:29:52 IST" name="initialiseBrowser" finished-at="2026-07-16T22:29:55 IST" duration-ms="2900" status="PASS">
          <params>
            <param index="0">
              <value>
                <![CDATA[chrome]]>
              </value>
            </param>
          </params>
          <reporter-output>
          </reporter-output>
        </test-method> <!-- initialiseBrowser -->
        <test-method signature="verifyUserIsAbleToLogOutSuccessfullyFromDashboard()[pri:0, instance:testscript.LogOutTest@66ea810]" started-at="2026-07-16T22:29:55 IST" name="verifyUserIsAbleToLogOutSuccessfullyFromDashboard" description="verify the user is abe to Log out successfully" finished-at="2026-07-16T22:29:56 IST" duration-ms="736" status="PASS">
          <reporter-output>
          </reporter-output>
        </test-method> <!-- verifyUserIsAbleToLogOutSuccessfullyFromDashboard -->
        <test-method is-config="true" signature="browserQuit(org.testng.ITestResult)[pri:0, instance:testscript.LogOutTest@66ea810]" started-at="2026-07-16T22:29:56 IST" name="browserQuit" finished-at="2026-07-16T22:29:56 IST" duration-ms="80" status="PASS">
          <params>
            <param index="0">
              <value>
                <![CDATA[[TestResult name=verifyUserIsAbleToLogOutSuccessfullyFromDashboard status=SUCCESS method=LogOutTest.verifyUserIsAbleToLogOutSuccessfullyFromDashboard()[pri:0, instance:testscript.LogOutTest@66ea810] output={null}]]]>
              </value>
            </param>
          </params>
          <reporter-output>
          </reporter-output>
        </test-method> <!-- browserQuit -->
      </class> <!-- testscript.LogOutTest -->
      <class name="testscript.ManageCODTest">
        <test-method is-config="true" signature="initialiseBrowser(java.lang.String)[pri:0, instance:testscript.ManageCODTest@503f91c3]" started-at="2026-07-16T22:30:09 IST" name="initialiseBrowser" finished-at="2026-07-16T22:30:10 IST" duration-ms="1566" status="PASS">
          <params>
            <param index="0">
              <value>
                <![CDATA[chrome]]>
              </value>
            </param>
          </params>
          <reporter-output>
          </reporter-output>
        </test-method> <!-- initialiseBrowser -->
        <test-method signature="VerifyWhetherTheUserIsAbleToSelectTheRadioButton()[pri:0, instance:testscript.ManageCODTest@503f91c3]" started-at="2026-07-16T22:30:10 IST" name="VerifyWhetherTheUserIsAbleToSelectTheRadioButton" description="verify the user is able to select the respective radiobutton according to their payment preferences" finished-at="2026-07-16T22:30:11 IST" duration-ms="584" status="PASS">
          <reporter-output>
          </reporter-output>
        </test-method> <!-- VerifyWhetherTheUserIsAbleToSelectTheRadioButton -->
        <test-method is-config="true" signature="browserQuit(org.testng.ITestResult)[pri:0, instance:testscript.ManageCODTest@503f91c3]" started-at="2026-07-16T22:30:11 IST" name="browserQuit" finished-at="2026-07-16T22:30:11 IST" duration-ms="77" status="PASS">
          <params>
            <param index="0">
              <value>
                <![CDATA[[TestResult name=VerifyWhetherTheUserIsAbleToSelectTheRadioButton status=SUCCESS method=ManageCODTest.VerifyWhetherTheUserIsAbleToSelectTheRadioButton()[pri:0, instance:testscript.ManageCODTest@503f91c3] output={null}]]]>
              </value>
            </param>
          </params>
          <reporter-output>
          </reporter-output>
        </test-method> <!-- browserQuit -->
      </class> <!-- testscript.ManageCODTest -->
      <class name="testscript.ManageDeliveryBoyTest">
        <test-method is-config="true" signature="initialiseBrowser(java.lang.String)[pri:0, instance:testscript.ManageDeliveryBoyTest@7098b907]" started-at="2026-07-16T22:30:05 IST" name="initialiseBrowser" finished-at="2026-07-16T22:30:07 IST" duration-ms="2070" status="PASS">
          <params>
            <param index="0">
              <value>
                <![CDATA[chrome]]>
              </value>
            </param>
          </params>
          <reporter-output>
          </reporter-output>
        </test-method> <!-- initialiseBrowser -->
        <test-method signature="verifyTheUserIsAbleToAddDeliverBoyDetails()[pri:0, instance:testscript.ManageDeliveryBoyTest@7098b907]" started-at="2026-07-16T22:30:07 IST" name="verifyTheUserIsAbleToAddDeliverBoyDetails" description="Verify that the user is able to add the Delivery boy details successfully" finished-at="2026-07-16T22:30:08 IST" duration-ms="1301" status="PASS">
          <reporter-output>
          </reporter-output>
        </test-method> <!-- verifyTheUserIsAbleToAddDeliverBoyDetails -->
        <test-method is-config="true" signature="browserQuit(org.testng.ITestResult)[pri:0, instance:testscript.ManageDeliveryBoyTest@7098b907]" started-at="2026-07-16T22:30:08 IST" name="browserQuit" finished-at="2026-07-16T22:30:09 IST" duration-ms="78" status="PASS">
          <params>
            <param index="0">
              <value>
                <![CDATA[[TestResult name=verifyTheUserIsAbleToAddDeliverBoyDetails status=SUCCESS method=ManageDeliveryBoyTest.verifyTheUserIsAbleToAddDeliverBoyDetails()[pri:0, instance:testscript.ManageDeliveryBoyTest@7098b907] output={null}]]]>
              </value>
            </param>
          </params>
          <reporter-output>
          </reporter-output>
        </test-method> <!-- browserQuit -->
      </class> <!-- testscript.ManageDeliveryBoyTest -->
      <class name="testscript.AdminUserTest">
        <test-method is-config="true" signature="initialiseBrowser(java.lang.String)[pri:0, instance:testscript.AdminUserTest@2235eaab]" started-at="2026-07-16T22:30:14 IST" name="initialiseBrowser" finished-at="2026-07-16T22:30:16 IST" duration-ms="1598" status="PASS">
          <params>
            <param index="0">
              <value>
                <![CDATA[chrome]]>
              </value>
            </param>
          </params>
          <reporter-output>
          </reporter-output>
        </test-method> <!-- initialiseBrowser -->
        <test-method signature="verifyTheUserIsAbleToAddAdminUsers()[pri:0, instance:testscript.AdminUserTest@2235eaab]" started-at="2026-07-16T22:30:16 IST" name="verifyTheUserIsAbleToAddAdminUsers" description="verify whether the user is able to add AdminUser details successfully" finished-at="2026-07-16T22:30:17 IST" duration-ms="765" status="PASS">
          <reporter-output>
          </reporter-output>
        </test-method> <!-- verifyTheUserIsAbleToAddAdminUsers -->
        <test-method is-config="true" signature="browserQuit(org.testng.ITestResult)[pri:0, instance:testscript.AdminUserTest@2235eaab]" started-at="2026-07-16T22:30:17 IST" name="browserQuit" finished-at="2026-07-16T22:30:17 IST" duration-ms="76" status="PASS">
          <params>
            <param index="0">
              <value>
                <![CDATA[[TestResult name=verifyTheUserIsAbleToAddAdminUsers status=SUCCESS method=AdminUserTest.verifyTheUserIsAbleToAddAdminUsers()[pri:0, instance:testscript.AdminUserTest@2235eaab] output={null}]]]>
              </value>
            </param>
          </params>
          <reporter-output>
          </reporter-output>
        </test-method> <!-- browserQuit -->
      </class> <!-- testscript.AdminUserTest -->
      <class name="testscript.LoginTest">
        <test-method is-config="true" signature="initialiseBrowser(java.lang.String)[pri:0, instance:testscript.LoginTest@15d49048]" started-at="2026-07-16T22:29:56 IST" name="initialiseBrowser" finished-at="2026-07-16T22:29:59 IST" duration-ms="2849" status="PASS">
          <params>
            <param index="0">
              <value>
                <![CDATA[chrome]]>
              </value>
            </param>
          </params>
          <reporter-output>
          </reporter-output>
        </test-method> <!-- initialiseBrowser -->
        <test-method signature="verifyTheUserIsAbleToLoginWithInvalidUsernameAndInvalidPassword()[pri:0, instance:testscript.LoginTest@15d49048]" started-at="2026-07-16T22:29:59 IST" name="verifyTheUserIsAbleToLoginWithInvalidUsernameAndInvalidPassword" finished-at="2026-07-16T22:29:59 IST" duration-ms="222" status="PASS">
          <reporter-output>
          </reporter-output>
        </test-method> <!-- verifyTheUserIsAbleToLoginWithInvalidUsernameAndInvalidPassword -->
        <test-method is-config="true" signature="browserQuit(org.testng.ITestResult)[pri:0, instance:testscript.LoginTest@15d49048]" started-at="2026-07-16T22:29:59 IST" name="browserQuit" finished-at="2026-07-16T22:29:59 IST" duration-ms="78" status="PASS">
          <params>
            <param index="0">
              <value>
                <![CDATA[[TestResult name=verifyTheUserIsAbleToLoginWithInvalidUsernameAndInvalidPassword status=SUCCESS method=LoginTest.verifyTheUserIsAbleToLoginWithInvalidUsernameAndInvalidPassword()[pri:0, instance:testscript.LoginTest@15d49048] output={null}]]]>
              </value>
            </param>
          </params>
          <reporter-output>
          </reporter-output>
        </test-method> <!-- browserQuit -->
        <test-method is-config="true" signature="initialiseBrowser(java.lang.String)[pri:0, instance:testscript.LoginTest@15d49048]" started-at="2026-07-16T22:29:59 IST" name="initialiseBrowser" finished-at="2026-07-16T22:30:01 IST" duration-ms="1949" status="PASS">
          <params>
            <param index="0">
              <value>
                <![CDATA[chrome]]>
              </value>
            </param>
          </params>
          <reporter-output>
          </reporter-output>
        </test-method> <!-- initialiseBrowser -->
        <test-method signature="verifyTheUserIsAbleToLoginWithInvalidUsernameAndValidPassword()[pri:0, instance:testscript.LoginTest@15d49048]" started-at="2026-07-16T22:30:01 IST" name="verifyTheUserIsAbleToLoginWithInvalidUsernameAndValidPassword" finished-at="2026-07-16T22:30:01 IST" duration-ms="230" status="PASS">
          <reporter-output>
          </reporter-output>
        </test-method> <!-- verifyTheUserIsAbleToLoginWithInvalidUsernameAndValidPassword -->
        <test-method is-config="true" signature="browserQuit(org.testng.ITestResult)[pri:0, instance:testscript.LoginTest@15d49048]" started-at="2026-07-16T22:30:01 IST" name="browserQuit" finished-at="2026-07-16T22:30:01 IST" duration-ms="78" status="PASS">
          <params>
            <param index="0">
              <value>
                <![CDATA[[TestResult name=verifyTheUserIsAbleToLoginWithInvalidUsernameAndValidPassword status=SUCCESS method=LoginTest.verifyTheUserIsAbleToLoginWithInvalidUsernameAndValidPassword()[pri:0, instance:testscript.LoginTest@15d49048] output={null}]]]>
              </value>
            </param>
          </params>
          <reporter-output>
          </reporter-output>
        </test-method> <!-- browserQuit -->
        <test-method is-config="true" signature="initialiseBrowser(java.lang.String)[pri:0, instance:testscript.LoginTest@15d49048]" started-at="2026-07-16T22:30:01 IST" name="initialiseBrowser" finished-at="2026-07-16T22:30:03 IST" duration-ms="1471" status="PASS">
          <params>
            <param index="0">
              <value>
                <![CDATA[chrome]]>
              </value>
            </param>
          </params>
          <reporter-output>
          </reporter-output>
        </test-method> <!-- initialiseBrowser -->
        <test-method signature="verifyTheUserIsAbleToLoginWithValidUsernameAndInvalidPassword()[pri:0, instance:testscript.LoginTest@15d49048]" started-at="2026-07-16T22:30:03 IST" name="verifyTheUserIsAbleToLoginWithValidUsernameAndInvalidPassword" finished-at="2026-07-16T22:30:03 IST" duration-ms="223" status="PASS">
          <reporter-output>
          </reporter-output>
        </test-method> <!-- verifyTheUserIsAbleToLoginWithValidUsernameAndInvalidPassword -->
        <test-method is-config="true" signature="browserQuit(org.testng.ITestResult)[pri:0, instance:testscript.LoginTest@15d49048]" started-at="2026-07-16T22:30:03 IST" name="browserQuit" finished-at="2026-07-16T22:30:03 IST" duration-ms="76" status="PASS">
          <params>
            <param index="0">
              <value>
                <![CDATA[[TestResult name=verifyTheUserIsAbleToLoginWithValidUsernameAndInvalidPassword status=SUCCESS method=LoginTest.verifyTheUserIsAbleToLoginWithValidUsernameAndInvalidPassword()[pri:0, instance:testscript.LoginTest@15d49048] output={null}]]]>
              </value>
            </param>
          </params>
          <reporter-output>
          </reporter-output>
        </test-method> <!-- browserQuit -->
        <test-method is-config="true" signature="initialiseBrowser(java.lang.String)[pri:0, instance:testscript.LoginTest@15d49048]" started-at="2026-07-16T22:30:03 IST" name="initialiseBrowser" finished-at="2026-07-16T22:30:05 IST" duration-ms="1452" status="PASS">
          <params>
            <param index="0">
              <value>
                <![CDATA[chrome]]>
              </value>
            </param>
          </params>
          <reporter-output>
          </reporter-output>
        </test-method> <!-- initialiseBrowser -->
        <test-method signature="verifyTheUserisAbleToLoginWithValidCredentials()[pri:0, instance:testscript.LoginTest@15d49048]" started-at="2026-07-16T22:30:05 IST" name="verifyTheUserisAbleToLoginWithValidCredentials" description="verify whether user is able to Login successfully" finished-at="2026-07-16T22:30:05 IST" duration-ms="364" status="PASS">
          <reporter-output>
          </reporter-output>
        </test-method> <!-- verifyTheUserisAbleToLoginWithValidCredentials -->
        <test-method is-config="true" signature="browserQuit(org.testng.ITestResult)[pri:0, instance:testscript.LoginTest@15d49048]" started-at="2026-07-16T22:30:05 IST" name="browserQuit" finished-at="2026-07-16T22:30:05 IST" duration-ms="78" status="PASS">
          <params>
            <param index="0">
              <value>
                <![CDATA[[TestResult name=verifyTheUserisAbleToLoginWithValidCredentials status=SUCCESS method=LoginTest.verifyTheUserisAbleToLoginWithValidCredentials()[pri:0, instance:testscript.LoginTest@15d49048] output={null}]]]>
              </value>
            </param>
          </params>
          <reporter-output>
          </reporter-output>
        </test-method> <!-- browserQuit -->
      </class> <!-- testscript.LoginTest -->
      <class name="testscript.ManageCategoryTest">
        <test-method is-config="true" signature="initialiseBrowser(java.lang.String)[pri:0, instance:testscript.ManageCategoryTest@13526e59]" started-at="2026-07-16T22:30:11 IST" name="initialiseBrowser" finished-at="2026-07-16T22:30:13 IST" duration-ms="1890" status="PASS">
          <params>
            <param index="0">
              <value>
                <![CDATA[chrome]]>
              </value>
            </param>
          </params>
          <reporter-output>
          </reporter-output>
        </test-method> <!-- initialiseBrowser -->
        <test-method signature="verifyUserCanAddCategories()[pri:0, instance:testscript.ManageCategoryTest@13526e59]" started-at="2026-07-16T22:30:13 IST" name="verifyUserCanAddCategories" description="verify the user is able to add categories successfully" finished-at="2026-07-16T22:30:14 IST" duration-ms="1477" status="PASS">
          <reporter-output>
          </reporter-output>
        </test-method> <!-- verifyUserCanAddCategories -->
        <test-method is-config="true" signature="browserQuit(org.testng.ITestResult)[pri:0, instance:testscript.ManageCategoryTest@13526e59]" started-at="2026-07-16T22:30:14 IST" name="browserQuit" finished-at="2026-07-16T22:30:14 IST" duration-ms="77" status="PASS">
          <params>
            <param index="0">
              <value>
                <![CDATA[[TestResult name=verifyUserCanAddCategories status=SUCCESS method=ManageCategoryTest.verifyUserCanAddCategories()[pri:0, instance:testscript.ManageCategoryTest@13526e59] output={null}]]]>
              </value>
            </param>
          </params>
          <reporter-output>
          </reporter-output>
        </test-method> <!-- browserQuit -->
      </class> <!-- testscript.ManageCategoryTest -->
    </test> <!-- Test -->
  </suite> <!-- Suite -->
</testng-results>
