<?xml version="1.0" encoding="UTF-8"?>
<testng-results ignored="0" total="3" passed="3" failed="0" skipped="0">
  <reporter-output>
  </reporter-output>
  <suite started-at="2026-07-15T16:15:52 IST" name="Suite" finished-at="2026-07-15T16:16:16 IST" duration-ms="23652">
    <groups>
      <group name="Regression">
        <method signature="ManageCategoryTest.verifyUserCanAddCategories()[pri:0, instance:testscript.ManageCategoryTest@13d73f29]" name="verifyUserCanAddCategories" class="testscript.ManageCategoryTest"/>
        <method signature="ManageNewsTest.verifyTheUserCanAddNews()[pri:0, instance:testscript.ManageNewsTest@6933b6c6]" name="verifyTheUserCanAddNews" class="testscript.ManageNewsTest"/>
      </group> <!-- Regression -->
    </groups>
    <test started-at="2026-07-15T16:15:52 IST" name="Test" finished-at="2026-07-15T16:16:16 IST" duration-ms="23652">
      <class name="testscript.ManageNewsTest">
        <test-method is-config="true" signature="initialiseBrowser(java.lang.String)[pri:0, instance:testscript.ManageNewsTest@6933b6c6]" started-at="2026-07-15T16:15:52 IST" name="initialiseBrowser" finished-at="2026-07-15T16:15:56 IST" duration-ms="4042" status="PASS">
          <params>
            <param index="0">
              <value>
                <![CDATA[chrome]]>
              </value>
            </param>
          </params>
          <reporter-output>
          </reporter-output>
        </test-method> <!-- initialiseBrowser -->
        <test-method signature="verifyTheUserCanAddNews()[pri:0, instance:testscript.ManageNewsTest@6933b6c6]" started-at="2026-07-15T16:15:56 IST" name="verifyTheUserCanAddNews" description="Verify that a user can add a news item successfully" finished-at="2026-07-15T16:16:00 IST" duration-ms="3626" status="PASS">
          <reporter-output>
          </reporter-output>
        </test-method> <!-- verifyTheUserCanAddNews -->
        <test-method is-config="true" signature="browserQuit(org.testng.ITestResult)[pri:0, instance:testscript.ManageNewsTest@6933b6c6]" started-at="2026-07-15T16:16:00 IST" name="browserQuit" finished-at="2026-07-15T16:16:00 IST" duration-ms="82" status="PASS">
          <params>
            <param index="0">
              <value>
                <![CDATA[[TestResult name=verifyTheUserCanAddNews status=SUCCESS method=ManageNewsTest.verifyTheUserCanAddNews()[pri:0, instance:testscript.ManageNewsTest@6933b6c6] output={null}]]]>
              </value>
            </param>
          </params>
          <reporter-output>
          </reporter-output>
        </test-method> <!-- browserQuit -->
      </class> <!-- testscript.ManageNewsTest -->
      <class name="testscript.AdminUserTest">
        <test-method is-config="true" signature="initialiseBrowser(java.lang.String)[pri:0, instance:testscript.AdminUserTest@565f390]" started-at="2026-07-15T16:16:10 IST" name="initialiseBrowser" finished-at="2026-07-15T16:16:14 IST" duration-ms="3570" status="PASS">
          <params>
            <param index="0">
              <value>
                <![CDATA[chrome]]>
              </value>
            </param>
          </params>
          <reporter-output>
          </reporter-output>
        </test-method> <!-- initialiseBrowser -->
        <test-method signature="verifyTheUserIsAbleToAddAdminUsers()[pri:0, instance:testscript.AdminUserTest@565f390]" started-at="2026-07-15T16:16:14 IST" name="verifyTheUserIsAbleToAddAdminUsers" description="verify whether the user is able to add AdminUser details successfully" finished-at="2026-07-15T16:16:16 IST" duration-ms="2255" status="PASS">
          <reporter-output>
          </reporter-output>
        </test-method> <!-- verifyTheUserIsAbleToAddAdminUsers -->
        <test-method is-config="true" signature="browserQuit(org.testng.ITestResult)[pri:0, instance:testscript.AdminUserTest@565f390]" started-at="2026-07-15T16:16:16 IST" name="browserQuit" finished-at="2026-07-15T16:16:16 IST" duration-ms="78" status="PASS">
          <params>
            <param index="0">
              <value>
                <![CDATA[[TestResult name=verifyTheUserIsAbleToAddAdminUsers status=SUCCESS method=AdminUserTest.verifyTheUserIsAbleToAddAdminUsers()[pri:0, instance:testscript.AdminUserTest@565f390] output={null}]]]>
              </value>
            </param>
          </params>
          <reporter-output>
          </reporter-output>
        </test-method> <!-- browserQuit -->
      </class> <!-- testscript.AdminUserTest -->
      <class name="testscript.ManageCategoryTest">
        <test-method is-config="true" signature="initialiseBrowser(java.lang.String)[pri:0, instance:testscript.ManageCategoryTest@13d73f29]" started-at="2026-07-15T16:16:00 IST" name="initialiseBrowser" finished-at="2026-07-15T16:16:04 IST" duration-ms="4231" status="PASS">
          <params>
            <param index="0">
              <value>
                <![CDATA[chrome]]>
              </value>
            </param>
          </params>
          <reporter-output>
          </reporter-output>
        </test-method> <!-- initialiseBrowser -->
        <test-method signature="verifyUserCanAddCategories()[pri:0, instance:testscript.ManageCategoryTest@13d73f29]" started-at="2026-07-15T16:16:04 IST" name="verifyUserCanAddCategories" description="verify the user is able to add categories successfully" finished-at="2026-07-15T16:16:10 IST" duration-ms="5675" status="PASS">
          <reporter-output>
          </reporter-output>
        </test-method> <!-- verifyUserCanAddCategories -->
        <test-method is-config="true" signature="browserQuit(org.testng.ITestResult)[pri:0, instance:testscript.ManageCategoryTest@13d73f29]" started-at="2026-07-15T16:16:10 IST" name="browserQuit" finished-at="2026-07-15T16:16:10 IST" duration-ms="78" status="PASS">
          <params>
            <param index="0">
              <value>
                <![CDATA[[TestResult name=verifyUserCanAddCategories status=SUCCESS method=ManageCategoryTest.verifyUserCanAddCategories()[pri:0, instance:testscript.ManageCategoryTest@13d73f29] output={null}]]]>
              </value>
            </param>
          </params>
          <reporter-output>
          </reporter-output>
        </test-method> <!-- browserQuit -->
      </class> <!-- testscript.ManageCategoryTest -->
    </test> <!-- Test -->
  </suite> <!-- Suite -->
</testng-results>
