<?xml version="1.0" encoding="UTF-8"?>
<!-- Generated by org.testng.reporters.JUnitReportReporter -->
<testsuite hostname="RESHMAs-MacBook-Air.local" failures="0" tests="2" name="testscript.ManageCODTest" time="7.228" errors="0" timestamp="2026-07-09T17:19:53 IST" skipped="0">
  <testcase classname="testscript.ManageCODTest" name="VerifyWhetherTheUserIsAbleToSelectTheRadioButton" time="4.298"/>
  <testcase classname="testscript.ManageCODTest" name="VerifyWhetherTheUserIsAbleToSelectTheRadioButton" time="2.930"/>
</testsuite> <!-- testscript.ManageCODTest -->
