<?xml version="1.0" encoding="UTF-8"?>
<!-- Generated by org.testng.reporters.JUnitReportReporter -->
<testsuite hostname="RESHMAs-MacBook-Air.local" failures="0" tests="2" name="testscript.ManageCategoryTest" time="8.716" errors="0" timestamp="2026-07-20T18:59:30 IST" skipped="0">
  <testcase classname="testscript.ManageCategoryTest" name="verifyUserCanAddCategories" time="4.790"/>
  <testcase classname="testscript.ManageCategoryTest" name="verifyUserCanAddCategories" time="3.926"/>
</testsuite> <!-- testscript.ManageCategoryTest -->
