<?xml version="1.0" encoding="UTF-8"?>
<!-- Generated by org.testng.reporters.JUnitReportReporter -->
<testsuite hostname="RESHMAs-MacBook-Air.local" failures="0" tests="4" name="testscript.LoginTest" time="8.269" errors="0" timestamp="2026-07-10T12:51:30 IST" skipped="0">
  <testcase classname="testscript.LoginTest" name="verifyTheUserisAbleToLoginWithValidCredentials" time="2.015"/>
  <testcase classname="testscript.LoginTest" name="verifyTheUserIsAbleToLoginWithInvalidUsernameAndInvalidPassword" time="2.250"/>
  <testcase classname="testscript.LoginTest" name="verifyTheUserIsAbleToLoginWithInvalidUsernameAndValidPassword" time="2.151"/>
  <testcase classname="testscript.LoginTest" name="verifyTheUserIsAbleToLoginWithValidUsernameAndInvalidPassword" time="1.853"/>
</testsuite> <!-- testscript.LoginTest -->
