<?xml version="1.0" encoding="UTF-8"?>
<!-- Generated by org.testng.reporters.JUnitReportReporter -->
<testsuite hostname="RESHMAs-MacBook-Air.local" failures="0" tests="4" name="testscript.LoginTest" time="9.070" errors="0" timestamp="2026-07-16T22:30:25 IST" skipped="0">
  <testcase classname="testscript.LoginTest" name="verifyTheUserIsAbleToLoginWithInvalidUsernameAndValidPassword" time="1.777"/>
  <testcase classname="testscript.LoginTest" name="verifyTheUserIsAbleToLoginWithValidUsernameAndInvalidPassword" time="1.753"/>
  <testcase classname="testscript.LoginTest" name="verifyTheUserisAbleToLoginWithValidCredentials" time="3.291"/>
  <testcase classname="testscript.LoginTest" name="verifyTheUserIsAbleToLoginWithInvalidUsernameAndInvalidPassword" time="2.249"/>
</testsuite> <!-- testscript.LoginTest -->
