<?xml version="1.0" encoding="UTF-8"?>
<!-- Generated by org.testng.reporters.JUnitReportReporter -->
<testsuite hostname="RESHMAs-MacBook-Air.local" failures="0" tests="2" name="testscript.AdminUserTest" time="8.978" errors="0" timestamp="2026-07-20T18:59:30 IST" skipped="0">
  <testcase classname="testscript.AdminUserTest" name="verifyTheUserIsAbleToAddAdminUsers" time="3.432"/>
  <testcase classname="testscript.AdminUserTest" name="verifyTheUserIsAbleToAddAdminUsers" time="5.546"/>
</testsuite> <!-- testscript.AdminUserTest -->
