<?xml version="1.0" encoding="UTF-8"?>
<!-- Generated by org.testng.reporters.JUnitReportReporter -->
<testsuite hostname="RESHMAs-MacBook-Air.local" failures="0" tests="2" name="testscript.AdminUserTest" time="6.870" errors="0" timestamp="2026-07-09T17:19:53 IST" skipped="0">
  <testcase classname="testscript.AdminUserTest" name="verifyTheUserIsAbleToAddAdminUsers" time="2.745"/>
  <testcase classname="testscript.AdminUserTest" name="verifyTheUserIsAbleToAddAdminUsers" time="4.125"/>
</testsuite> <!-- testscript.AdminUserTest -->
