<?xml version="1.0" encoding="UTF-8"?>
<!-- Generated by org.testng.reporters.JUnitReportReporter -->
<testsuite hostname="RESHMAs-MacBook-Air.local" failures="0" tests="2" name="testscript.ManageNewsTest" time="7.427" errors="0" timestamp="2026-07-20T18:59:30 IST" skipped="0">
  <testcase classname="testscript.ManageNewsTest" name="verifyTheUserCanAddNews" time="3.667"/>
  <testcase classname="testscript.ManageNewsTest" name="verifyTheUserCanAddNews" time="3.760"/>
</testsuite> <!-- testscript.ManageNewsTest -->
