<?xml version="1.0" encoding="UTF-8"?>
<!-- Generated by org.testng.reporters.JUnitXMLReporter -->
<testsuite ignored="3" hostname="RESHMAs-MacBook-Air.local" failures="0" tests="4" name="Test" time="12.81" errors="0" timestamp="2026-07-09T17:20:21 IST">
  <testcase classname="testscript.LoginTest" name="verifyTheUserisAbleToLoginWithValidCredentials" time="0.758"/>
  <testcase classname="testscript.ManageCategoryTest" name="verifyUserCanAddCategories" time="1.823"/>
  <testcase classname="testscript.ManageNewsTest" name="verifyTheUserCanAddNews" time="1.139"/>
  <testcase classname="testscript.LogOutTest" name="verifyUserIsAbleToLogOutSuccessfullyFromDashboard" time="1.114"/>
  <testcase classname="testscript.LoginTest" name="verifyTheUserIsAbleToLoginWithInvalidUsernameAndValidPassword" time="0.0">
    <ignored/>
  </testcase> <!-- verifyTheUserIsAbleToLoginWithInvalidUsernameAndValidPassword -->
  <testcase classname="testscript.LoginTest" name="verifyTheUserIsAbleToLoginWithValidUsernameAndInvalidPassword" time="0.0">
    <ignored/>
  </testcase> <!-- verifyTheUserIsAbleToLoginWithValidUsernameAndInvalidPassword -->
  <testcase classname="testscript.LoginTest" name="verifyTheUserIsAbleToLoginWithInvalidUsernameAndInvalidPassword" time="0.0">
    <ignored/>
  </testcase> <!-- verifyTheUserIsAbleToLoginWithInvalidUsernameAndInvalidPassword -->
</testsuite> <!-- Test -->
