<?xml version="1.0" encoding="UTF-8"?>
<!-- Generated by org.testng.reporters.JUnitXMLReporter -->
<testsuite ignored="0" hostname="RESHMAs-MacBook-Air.local" failures="0" tests="10" name="Test" time="27.14" errors="0" timestamp="2026-07-16T22:30:25 IST">
  <testcase classname="testscript.LogOutTest" name="verifyUserIsAbleToLogOutSuccessfullyFromDashboard" time="0.736"/>
  <testcase classname="testscript.LoginTest" name="verifyTheUserIsAbleToLoginWithInvalidUsernameAndInvalidPassword" time="0.222"/>
  <testcase classname="testscript.LoginTest" name="verifyTheUserIsAbleToLoginWithInvalidUsernameAndValidPassword" time="0.23"/>
  <testcase classname="testscript.LoginTest" name="verifyTheUserIsAbleToLoginWithValidUsernameAndInvalidPassword" time="0.223"/>
  <testcase classname="testscript.LoginTest" name="verifyTheUserisAbleToLoginWithValidCredentials" time="0.364"/>
  <testcase classname="testscript.ManageDeliveryBoyTest" name="verifyTheUserIsAbleToAddDeliverBoyDetails" time="1.301"/>
  <testcase classname="testscript.ManageCODTest" name="VerifyWhetherTheUserIsAbleToSelectTheRadioButton" time="0.584"/>
  <testcase classname="testscript.ManageCategoryTest" name="verifyUserCanAddCategories" time="1.477"/>
  <testcase classname="testscript.AdminUserTest" name="verifyTheUserIsAbleToAddAdminUsers" time="0.765"/>
  <testcase classname="testscript.ManageNewsTest" name="verifyTheUserCanAddNews" time="0.845"/>
</testsuite> <!-- Test -->
