<?xml version="1.0" encoding="UTF-8"?>
<!-- Generated by org.testng.reporters.JUnitXMLReporter -->
<testsuite ignored="0" hostname="RESHMAs-MacBook-Air.local" failures="0" tests="5" name="ChromeTest" time="17.016" errors="0" timestamp="2026-07-09T16:47:17 IST">
  <testcase classname="testscript.ManageCategoryTest" name="verifyUserCanAddCategories" time="1.925"/>
  <testcase classname="testscript.ManageNewsTest" name="verifyTheUserCanAddNews" time="1.187"/>
  <testcase classname="testscript.ManageDeliveryBoyTest" name="verifyTheUserIsAbleToAddDeliverBoyDetails" time="1.282"/>
  <testcase classname="testscript.AdminUserTest" name="verifyTheUserIsAbleToAddAdminUsers" time="0.916"/>
  <testcase classname="testscript.ManageCODTest" name="VerifyWhetherTheUserIsAbleToSelectTheRadioButton" time="0.928"/>
</testsuite> <!-- ChromeTest -->
