<?xml version="1.0" encoding="UTF-8"?>
<!-- Generated by org.testng.reporters.JUnitXMLReporter -->
<testsuite ignored="0" hostname="RESHMAs-MacBook-Air.local" failures="0" tests="5" name="FireFoxTest" time="22.466" errors="0" timestamp="2026-07-09T16:47:17 IST">
  <testcase classname="testscript.ManageCategoryTest" name="verifyUserCanAddCategories" time="1.886"/>
  <testcase classname="testscript.ManageNewsTest" name="verifyTheUserCanAddNews" time="1.067"/>
  <testcase classname="testscript.ManageDeliveryBoyTest" name="verifyTheUserIsAbleToAddDeliverBoyDetails" time="1.106"/>
  <testcase classname="testscript.AdminUserTest" name="verifyTheUserIsAbleToAddAdminUsers" time="0.798"/>
  <testcase classname="testscript.ManageCODTest" name="VerifyWhetherTheUserIsAbleToSelectTheRadioButton" time="0.831"/>
</testsuite> <!-- FireFoxTest -->
