<?xml version="1.0" encoding="UTF-8"?>
<!-- Generated by org.testng.reporters.JUnitXMLReporter -->
<testsuite ignored="0" hostname="RESHMAs-MacBook-Air.local" failures="0" tests="5" name="FireFoxTest" time="18.115" errors="0" timestamp="2026-07-10T12:50:28 IST">
  <testcase classname="testscript.ManageCategoryTest" name="verifyUserCanAddCategories" time="1.252"/>
  <testcase classname="testscript.ManageNewsTest" name="verifyTheUserCanAddNews" time="0.777"/>
  <testcase classname="testscript.ManageDeliveryBoyTest" name="verifyTheUserIsAbleToAddDeliverBoyDetails" time="1.02"/>
  <testcase classname="testscript.AdminUserTest" name="verifyTheUserIsAbleToAddAdminUsers" time="0.823"/>
  <testcase classname="testscript.ManageCODTest" name="VerifyWhetherTheUserIsAbleToSelectTheRadioButton" time="0.608"/>
</testsuite> <!-- FireFoxTest -->
