<?xml version="1.0" encoding="UTF-8"?>
<!-- Generated by org.testng.reporters.JUnitXMLReporter -->
<testsuite ignored="0" hostname="RESHMAs-MacBook-Air.local" failures="0" tests="5" name="ChromeTest" time="13.385" errors="0" timestamp="2026-07-10T12:49:26 IST">
  <testcase classname="testscript.ManageCategoryTest" name="verifyUserCanAddCategories" time="1.351"/>
  <testcase classname="testscript.ManageNewsTest" name="verifyTheUserCanAddNews" time="0.993"/>
  <testcase classname="testscript.ManageDeliveryBoyTest" name="verifyTheUserIsAbleToAddDeliverBoyDetails" time="1.044"/>
  <testcase classname="testscript.AdminUserTest" name="verifyTheUserIsAbleToAddAdminUsers" time="0.683"/>
  <testcase classname="testscript.ManageCODTest" name="VerifyWhetherTheUserIsAbleToSelectTheRadioButton" time="0.622"/>
</testsuite> <!-- ChromeTest -->
