<?xml version="1.0" encoding="UTF-8"?>
<!-- Generated by org.testng.reporters.JUnitXMLReporter -->
<testsuite ignored="0" hostname="RESHMAs-MacBook-Air.local" failures="0" tests="5" name="ChromeTest" time="16.878" errors="0" timestamp="2026-07-09T17:19:25 IST">
  <testcase classname="testscript.ManageCategoryTest" name="verifyUserCanAddCategories" time="2.533"/>
  <testcase classname="testscript.ManageNewsTest" name="verifyTheUserCanAddNews" time="1.123"/>
  <testcase classname="testscript.ManageDeliveryBoyTest" name="verifyTheUserIsAbleToAddDeliverBoyDetails" time="1.383"/>
  <testcase classname="testscript.AdminUserTest" name="verifyTheUserIsAbleToAddAdminUsers" time="0.915"/>
  <testcase classname="testscript.ManageCODTest" name="VerifyWhetherTheUserIsAbleToSelectTheRadioButton" time="0.917"/>
</testsuite> <!-- ChromeTest -->
