<?xml version="1.0" encoding="UTF-8"?>
<!-- Generated by org.testng.reporters.JUnitXMLReporter -->
<testsuite ignored="0" hostname="RESHMAs-MacBook-Air.local" failures="0" tests="5" name="FireFoxTest" time="22.993" errors="0" timestamp="2026-07-09T17:19:53 IST">
  <testcase classname="testscript.ManageCategoryTest" name="verifyUserCanAddCategories" time="1.902"/>
  <testcase classname="testscript.ManageNewsTest" name="verifyTheUserCanAddNews" time="1.314"/>
  <testcase classname="testscript.ManageDeliveryBoyTest" name="verifyTheUserIsAbleToAddDeliverBoyDetails" time="1.488"/>
  <testcase classname="testscript.AdminUserTest" name="verifyTheUserIsAbleToAddAdminUsers" time="0.919"/>
  <testcase classname="testscript.ManageCODTest" name="VerifyWhetherTheUserIsAbleToSelectTheRadioButton" time="1.038"/>
</testsuite> <!-- FireFoxTest -->
